  main.cpp
C:\Users\Manmeet Singh\Desktop\Computer Graphics\Week 4\CGAssignment4\CGAssignment4\CGMath.h(33,15): warning C4244: 'return': conversion from 'double' to 'float', possible loss of data
C:\Users\Manmeet Singh\Desktop\Computer Graphics\Week 4\CGAssignment4\CGAssignment4\CGMath.h(81,12): warning C4018: '>': signed/unsigned mismatch
C:\Users\Manmeet Singh\Desktop\Computer Graphics\Week 4\CGAssignment4\CGAssignment4\CGMath.h(158,20): warning C4244: 'initializing': conversion from 'float' to 'unsigned int', possible loss of data
C:\Users\Manmeet Singh\Desktop\Computer Graphics\Week 4\CGAssignment4\CGAssignment4\CGMath.h(159,20): warning C4244: 'initializing': conversion from 'float' to 'unsigned int', possible loss of data
C:\Users\Manmeet Singh\Desktop\Computer Graphics\Week 4\CGAssignment4\CGAssignment4\CGMath.h(160,20): warning C4244: 'initializing': conversion from 'float' to 'unsigned int', possible loss of data
C:\Users\Manmeet Singh\Desktop\Computer Graphics\Week 4\CGAssignment4\CGAssignment4\CGMath.h(161,20): warning C4244: 'initializing': conversion from 'float' to 'unsigned int', possible loss of data
C:\Users\Manmeet Singh\Desktop\Computer Graphics\Week 4\CGAssignment4\CGAssignment4\CGMath.h(178,20): warning C4244: 'initializing': conversion from 'float' to 'unsigned int', possible loss of data
C:\Users\Manmeet Singh\Desktop\Computer Graphics\Week 4\CGAssignment4\CGAssignment4\CGMath.h(179,20): warning C4244: 'initializing': conversion from 'float' to 'unsigned int', possible loss of data
C:\Users\Manmeet Singh\Desktop\Computer Graphics\Week 4\CGAssignment4\CGAssignment4\CGMath.h(180,20): warning C4244: 'initializing': conversion from 'float' to 'unsigned int', possible loss of data
C:\Users\Manmeet Singh\Desktop\Computer Graphics\Week 4\CGAssignment4\CGAssignment4\CGMath.h(181,20): warning C4244: 'initializing': conversion from 'float' to 'unsigned int', possible loss of data
C:\Users\Manmeet Singh\Desktop\Computer Graphics\Week 4\CGAssignment4\CGAssignment4\CGMath.h(338,46): warning C4244: 'argument': conversion from 'double' to 'float', possible loss of data
C:\Users\Manmeet Singh\Desktop\Computer Graphics\Week 4\CGAssignment4\CGAssignment4\Shaders.h(35,22): warning C4244: 'initializing': conversion from 'float' to 'unsigned int', possible loss of data
C:\Users\Manmeet Singh\Desktop\Computer Graphics\Week 4\CGAssignment4\CGAssignment4\Shaders.h(36,22): warning C4244: 'initializing': conversion from 'float' to 'unsigned int', possible loss of data
C:\Users\Manmeet Singh\Desktop\Computer Graphics\Week 4\CGAssignment4\CGAssignment4\DrawFunctions.h(8,29): warning C4018: '<': signed/unsigned mismatch
C:\Users\Manmeet Singh\Desktop\Computer Graphics\Week 4\CGAssignment4\CGAssignment4\DrawFunctions.h(22,28): warning C4018: '<': signed/unsigned mismatch
C:\Users\Manmeet Singh\Desktop\Computer Graphics\Week 4\CGAssignment4\CGAssignment4\DrawFunctions.h(22,52): warning C4018: '<': signed/unsigned mismatch
C:\Users\Manmeet Singh\Desktop\Computer Graphics\Week 4\CGAssignment4\CGAssignment4\DrawFunctions.h(28,8): warning C4244: 'initializing': conversion from 'float' to 'int', possible loss of data
C:\Users\Manmeet Singh\Desktop\Computer Graphics\Week 4\CGAssignment4\CGAssignment4\DrawFunctions.h(29,8): warning C4244: 'initializing': conversion from 'float' to 'int', possible loss of data
C:\Users\Manmeet Singh\Desktop\Computer Graphics\Week 4\CGAssignment4\CGAssignment4\DrawFunctions.h(30,28): warning C4018: '<': signed/unsigned mismatch
C:\Users\Manmeet Singh\Desktop\Computer Graphics\Week 4\CGAssignment4\CGAssignment4\DrawFunctions.h(30,51): warning C4018: '<': signed/unsigned mismatch
C:\Users\Manmeet Singh\Desktop\Computer Graphics\Week 4\CGAssignment4\CGAssignment4\DrawFunctions.h(40,79): warning C4018: '<': signed/unsigned mismatch
C:\Users\Manmeet Singh\Desktop\Computer Graphics\Week 4\CGAssignment4\CGAssignment4\DrawFunctions.h(40,119): warning C4018: '<': signed/unsigned mismatch
C:\Users\Manmeet Singh\Desktop\Computer Graphics\Week 4\CGAssignment4\CGAssignment4\DrawFunctions.h(232,13): warning C4244: 'initializing': conversion from 'float' to 'int', possible loss of data
C:\Users\Manmeet Singh\Desktop\Computer Graphics\Week 4\CGAssignment4\CGAssignment4\DrawFunctions.h(234,14): warning C4244: 'initializing': conversion from 'float' to 'int', possible loss of data
C:\Users\Manmeet Singh\Desktop\Computer Graphics\Week 4\CGAssignment4\CGAssignment4\DrawFunctions.h(252,7): warning C4838: conversion from 'int' to 'float' requires a narrowing conversion
C:\Users\Manmeet Singh\Desktop\Computer Graphics\Week 4\CGAssignment4\CGAssignment4\DrawFunctions.h(252,7): warning C4244: 'initializing': conversion from 'int' to 'float', possible loss of data
C:\Users\Manmeet Singh\Desktop\Computer Graphics\Week 4\CGAssignment4\CGAssignment4\DrawFunctions.h(252,10): warning C4838: conversion from 'int' to 'float' requires a narrowing conversion
C:\Users\Manmeet Singh\Desktop\Computer Graphics\Week 4\CGAssignment4\CGAssignment4\DrawFunctions.h(252,10): warning C4244: 'initializing': conversion from 'int' to 'float', possible loss of data
C:\Users\Manmeet Singh\Desktop\Computer Graphics\Week 4\CGAssignment4\CGAssignment4\Grid.h(19,1): warning C4305: '+=': truncation from 'double' to 'float'
C:\Users\Manmeet Singh\Desktop\Computer Graphics\Week 4\CGAssignment4\CGAssignment4\Grid.h(28,1): warning C4305: '+=': truncation from 'double' to 'float'
C:\Users\Manmeet Singh\Desktop\Computer Graphics\Week 4\CGAssignment4\CGAssignment4\main.cpp(158,20): warning C4018: '<': signed/unsigned mismatch
C:\Users\Manmeet Singh\Desktop\Computer Graphics\Week 4\CGAssignment4\CGAssignment4\main.cpp(195,17): warning C4244: '=': conversion from 'double' to 'float', possible loss of data
C:\Users\Manmeet Singh\Desktop\Computer Graphics\Week 4\CGAssignment4\CGAssignment4\main.cpp(198,22): warning C4244: '=': conversion from 'double' to 'float', possible loss of data
  Generating code
  1 of 386 functions ( 0.3%) were compiled, the rest were copied from previous compilation.
    0 functions were new in current compilation
    1 functions had inline decision re-evaluated but remain unchanged
  Finished generating code
  CGAssignment4.vcxproj -> C:\Users\Manmeet Singh\Desktop\Computer Graphics\Week 4\CGAssignment4\Release\CGAssignment4.exe
